<?xml version="1.0" encoding="UTF-8"?>
<!-- Generated by org.testng.reporters.JUnitReportReporter -->
<testsuite hostname="DESKTOP-0A7DVIM" failures="0" tests="1" name="com.simplilearn.Restassureddemo.AppTest" time="1.806" errors="0" timestamp="2023-07-19T21:45:50 IST" skipped="0">
  <testcase classname="com.simplilearn.Restassureddemo.AppTest" name="test7" time="1.806"/>
  <system-out/>
</testsuite> <!-- com.simplilearn.Restassureddemo.AppTest -->
